<?xml version="1.0" encoding="UTF-8"?>
<!-- Generated by org.testng.reporters.JUnitReportReporter -->
<testsuite hostname="DESKTOP-KJ197RR" failures="0" tests="2" name="Ecomm.Demo" time="0.258" errors="0" timestamp="2025-01-30T16:07:51 IST" skipped="1">
  <testcase classname="Ecomm.Demo" name="menu" time="0.258"/>
  <testcase classname="Ecomm.Demo" name="first">
    <skipped/>
  </testcase> <!-- first -->
</testsuite> <!-- Ecomm.Demo -->
