<?xml version="1.0" encoding="UTF-8"?>
<!-- Generated by org.testng.reporters.JUnitReportReporter -->
<testsuite hostname="DESKTOP-KJ197RR" failures="0" tests="1" name="test.LoginTest" time="0.943" errors="0" timestamp="2025-02-02T22:21:18 IST" skipped="0">
  <testcase classname="test.LoginTest" name="testLogin" time="0.943"/>
</testsuite> <!-- test.LoginTest -->
