<?xml version="1.0" encoding="UTF-8"?>
<!-- Generated by org.testng.reporters.JUnitReportReporter -->
<testsuite hostname="DESKTOP-KJ197RR" failures="0" tests="1" name="test.LoginTest" time="2.857" errors="0" timestamp="2025-01-31T09:42:50 IST" skipped="0">
  <testcase classname="test.LoginTest" name="testLogin" time="2.857"/>
</testsuite> <!-- test.LoginTest -->
