<?xml version="1.0" encoding="UTF-8"?>
<!-- Generated by org.testng.reporters.JUnitReportReporter -->
<testsuite hostname="DESKTOP-KJ197RR" failures="0" tests="1" name="test.g3fashionHomeLinks" time="33.535" errors="0" timestamp="2025-02-13T11:07:34 IST" skipped="0">
  <testcase classname="test.g3fashionHomeLinks" name="links" time="33.535"/>
</testsuite> <!-- test.g3fashionHomeLinks -->
